# JRE version: OpenJDK Runtime Environment Temurin-21.0.8+9 (21.0.8+9) (build 21.0.8+9-LTS)
# Java VM: OpenJDK 64-Bit Server VM Temurin-21.0.8+9 (21.0.8+9-LTS, mixed mode, sharing, tiered, compressed oops, compressed class ptrs, parallel gc, windows-amd64)
GC Precious Log:
 CardTable entry size: 512
 CPUs: 8 total, 8 available
 Memory: 7880M
 Large Page Support: Disabled
 NUMA Support: Disabled
 Compressed Oops: Enabled (32-bit)
 Alignments: Space 512K, Generation 512K, Heap 2M
 Heap Min Capacity: 100M
 Heap Initial Capacity: 100M
 Heap Max Capacity: 2G
 Pre-touch: Disabled
 Parallel Workers: 8
Heap:
 PSYoungGen      total 8704K, used 8656K [0x00000000d5580000, 0x00000000d5f00000, 0x0000000100000000)
  eden space 7680K, 100% used [0x00000000d5580000,0x00000000d5d00000,0x00000000d5d00000)
  from space 1024K, 95% used [0x00000000d5d80000,0x00000000d5e74030,0x00000000d5e80000)
  to   space 512K, 0% used [0x00000000d5e80000,0x00000000d5e80000,0x00000000d5f00000)
 ParOldGen       total 1277952K, used 1277509K [0x0000000080000000, 0x00000000ce000000, 0x00000000d5580000)
  object space 1277952K, 99% used [0x0000000080000000,0x00000000cdf91478,0x00000000ce000000)
 Metaspace       used 97164K, committed 99200K, reserved 1179648K
  class space    used 10017K, committed 10944K, reserved 1048576K
GC Heap History (20 events):
Event: 1250.438 GC heap before
{Heap before GC invocations=2335 (full 6):
 PSYoungGen      total 7168K, used 6702K [0x00000000d5580000, 0x00000000d6000000, 0x0000000100000000)
  eden space 6144K, 100% used [0x00000000d5580000,0x00000000d5b80000,0x00000000d5b80000)
  from space 1024K, 54% used [0x00000000d5e00000,0x00000000d5e8bbd0,0x00000000d5f00000)
  to   space 1024K, 0% used [0x00000000d5f00000,0x00000000d5f00000,0x00000000d6000000)
 ParOldGen       total 1269760K, used 1269758K [0x0000000080000000, 0x00000000cd800000, 0x00000000d5580000)
  object space 1269760K, 99% used [0x0000000080000000,0x00000000cd7ff820,0x00000000cd800000)
 Metaspace       used 97142K, committed 99200K, reserved 1179648K
  class space    used 10016K, committed 10944K, reserved 1048576K
}
Event: 1250.441 GC heap after
{Heap after GC invocations=2335 (full 6):
 PSYoungGen      total 7168K, used 768K [0x00000000d5580000, 0x00000000d6000000, 0x0000000100000000)
  eden space 6144K, 0% used [0x00000000d5580000,0x00000000d5580000,0x00000000d5b80000)
  from space 1024K, 75% used [0x00000000d5f00000,0x00000000d5fc0000,0x00000000d6000000)
  to   space 1024K, 0% used [0x00000000d5e00000,0x00000000d5e00000,0x00000000d5f00000)
 ParOldGen       total 1270272K, used 1270140K [0x0000000080000000, 0x00000000cd880000, 0x00000000d5580000)
  object space 1270272K, 99% used [0x0000000080000000,0x00000000cd85f360,0x00000000cd880000)
 Metaspace       used 97142K, committed 99200K, reserved 1179648K
  class space    used 10016K, committed 10944K, reserved 1048576K
}
Event: 1250.454 GC heap before
{Heap before GC invocations=2336 (full 6):
 PSYoungGen      total 7168K, used 6912K [0x00000000d5580000, 0x00000000d6000000, 0x0000000100000000)
  eden space 6144K, 100% used [0x00000000d5580000,0x00000000d5b80000,0x00000000d5b80000)
  from space 1024K, 75% used [0x00000000d5f00000,0x00000000d5fc0000,0x00000000d6000000)
  to   space 1024K, 0% used [0x00000000d5e00000,0x00000000d5e00000,0x00000000d5f00000)
 ParOldGen       total 1270272K, used 1270140K [0x0000000080000000, 0x00000000cd880000, 0x00000000d5580000)
  object space 1270272K, 99% used [0x0000000080000000,0x00000000cd85f360,0x00000000cd880000)
 Metaspace       used 97142K, committed 99200K, reserved 1179648K
  class space    used 10016K, committed 10944K, reserved 1048576K
}
Event: 1250.459 GC heap after
{Heap after GC invocations=2336 (full 6):
 PSYoungGen      total 7168K, used 688K [0x00000000d5580000, 0x00000000d5f80000, 0x0000000100000000)
  eden space 6144K, 0% used [0x00000000d5580000,0x00000000d5580000,0x00000000d5b80000)
  from space 1024K, 67% used [0x00000000d5e00000,0x00000000d5eac010,0x00000000d5f00000)
  to   space 512K, 0% used [0x00000000d5f00000,0x00000000d5f00000,0x00000000d5f80000)
 ParOldGen       total 1271296K, used 1270820K [0x0000000080000000, 0x00000000cd980000, 0x00000000d5580000)
  object space 1271296K, 99% used [0x0000000080000000,0x00000000cd909320,0x00000000cd980000)
 Metaspace       used 97142K, committed 99200K, reserved 1179648K
  class space    used 10016K, committed 10944K, reserved 1048576K
}
Event: 1250.481 GC heap before
{Heap before GC invocations=2337 (full 6):
 PSYoungGen      total 7168K, used 6832K [0x00000000d5580000, 0x00000000d5f80000, 0x0000000100000000)
  eden space 6144K, 100% used [0x00000000d5580000,0x00000000d5b80000,0x00000000d5b80000)
  from space 1024K, 67% used [0x00000000d5e00000,0x00000000d5eac010,0x00000000d5f00000)
  to   space 512K, 0% used [0x00000000d5f00000,0x00000000d5f00000,0x00000000d5f80000)
 ParOldGen       total 1271296K, used 1270820K [0x0000000080000000, 0x00000000cd980000, 0x00000000d5580000)
  object space 1271296K, 99% used [0x0000000080000000,0x00000000cd909320,0x00000000cd980000)
 Metaspace       used 97142K, committed 99200K, reserved 1179648K
  class space    used 10016K, committed 10944K, reserved 1048576K
}
Event: 1250.485 GC heap after
{Heap after GC invocations=2337 (full 6):
 PSYoungGen      total 6656K, used 512K [0x00000000d5580000, 0x00000000d5f80000, 0x0000000100000000)
  eden space 6144K, 0% used [0x00000000d5580000,0x00000000d5580000,0x00000000d5b80000)
  from space 512K, 100% used [0x00000000d5f00000,0x00000000d5f80000,0x00000000d5f80000)
  to   space 2048K, 0% used [0x00000000d5b80000,0x00000000d5b80000,0x00000000d5d80000)
 ParOldGen       total 1272320K, used 1272047K [0x0000000080000000, 0x00000000cda80000, 0x00000000d5580000)
  object space 1272320K, 99% used [0x0000000080000000,0x00000000cda3bcc0,0x00000000cda80000)
 Metaspace       used 97142K, committed 99200K, reserved 1179648K
  class space    used 10016K, committed 10944K, reserved 1048576K
}
Event: 1250.498 GC heap before
{Heap before GC invocations=2338 (full 6):
 PSYoungGen      total 6656K, used 6656K [0x00000000d5580000, 0x00000000d5f80000, 0x0000000100000000)
  eden space 6144K, 100% used [0x00000000d5580000,0x00000000d5b80000,0x00000000d5b80000)
  from space 512K, 100% used [0x00000000d5f00000,0x00000000d5f80000,0x00000000d5f80000)
  to   space 2048K, 0% used [0x00000000d5b80000,0x00000000d5b80000,0x00000000d5d80000)
 ParOldGen       total 1272320K, used 1272047K [0x0000000080000000, 0x00000000cda80000, 0x00000000d5580000)
  object space 1272320K, 99% used [0x0000000080000000,0x00000000cda3bcc0,0x00000000cda80000)
 Metaspace       used 97144K, committed 99200K, reserved 1179648K
  class space    used 10016K, committed 10944K, reserved 1048576K
}
Event: 1250.502 GC heap after
{Heap after GC invocations=2338 (full 6):
 PSYoungGen      total 8192K, used 672K [0x00000000d5580000, 0x00000000d5f80000, 0x0000000100000000)
  eden space 6144K, 0% used [0x00000000d5580000,0x00000000d5580000,0x00000000d5b80000)
  from space 2048K, 32% used [0x00000000d5b80000,0x00000000d5c28000,0x00000000d5d80000)
  to   space 1536K, 0% used [0x00000000d5e00000,0x00000000d5e00000,0x00000000d5f80000)
 ParOldGen       total 1272832K, used 1272591K [0x0000000080000000, 0x00000000cdb00000, 0x00000000d5580000)
  object space 1272832K, 99% used [0x0000000080000000,0x00000000cdac3cc0,0x00000000cdb00000)
 Metaspace       used 97144K, committed 99200K, reserved 1179648K
  class space    used 10016K, committed 10944K, reserved 1048576K
}
Event: 1250.515 GC heap before
{Heap before GC invocations=2339 (full 6):
 PSYoungGen      total 8192K, used 6816K [0x00000000d5580000, 0x00000000d5f80000, 0x0000000100000000)
  eden space 6144K, 100% used [0x00000000d5580000,0x00000000d5b80000,0x00000000d5b80000)
  from space 2048K, 32% used [0x00000000d5b80000,0x00000000d5c28000,0x00000000d5d80000)
  to   space 1536K, 0% used [0x00000000d5e00000,0x00000000d5e00000,0x00000000d5f80000)
 ParOldGen       total 1272832K, used 1272591K [0x0000000080000000, 0x00000000cdb00000, 0x00000000d5580000)
  object space 1272832K, 99% used [0x0000000080000000,0x00000000cdac3cc0,0x00000000cdb00000)
 Metaspace       used 97144K, committed 99200K, reserved 1179648K
  class space    used 10016K, committed 10944K, reserved 1048576K
}
Event: 1250.520 GC heap after
{Heap after GC invocations=2339 (full 6):
 PSYoungGen      total 8704K, used 704K [0x00000000d5580000, 0x00000000d5f00000, 0x0000000100000000)
  eden space 7680K, 0% used [0x00000000d5580000,0x00000000d5580000,0x00000000d5d00000)
  from space 1024K, 68% used [0x00000000d5e00000,0x00000000d5eb0000,0x00000000d5f00000)
  to   space 1024K, 0% used [0x00000000d5d00000,0x00000000d5d00000,0x00000000d5e00000)
 ParOldGen       total 1273344K, used 1273159K [0x0000000080000000, 0x00000000cdb80000, 0x00000000d5580000)
  object space 1273344K, 99% used [0x0000000080000000,0x00000000cdb51d20,0x00000000cdb80000)
 Metaspace       used 97144K, committed 99200K, reserved 1179648K
  class space    used 10016K, committed 10944K, reserved 1048576K
}
Event: 1250.564 GC heap before
{Heap before GC invocations=2340 (full 6):
 PSYoungGen      total 8704K, used 8384K [0x00000000d5580000, 0x00000000d5f00000, 0x0000000100000000)
  eden space 7680K, 100% used [0x00000000d5580000,0x00000000d5d00000,0x00000000d5d00000)
  from space 1024K, 68% used [0x00000000d5e00000,0x00000000d5eb0000,0x00000000d5f00000)
  to   space 1024K, 0% used [0x00000000d5d00000,0x00000000d5d00000,0x00000000d5e00000)
 ParOldGen       total 1273344K, used 1273159K [0x0000000080000000, 0x00000000cdb80000, 0x00000000d5580000)
  object space 1273344K, 99% used [0x0000000080000000,0x00000000cdb51d20,0x00000000cdb80000)
 Metaspace       used 97155K, committed 99200K, reserved 1179648K
  class space    used 10017K, committed 10944K, reserved 1048576K
}
Event: 1250.568 GC heap after
{Heap after GC invocations=2340 (full 6):
 PSYoungGen      total 8704K, used 1012K [0x00000000d5580000, 0x00000000d6100000, 0x0000000100000000)
  eden space 7680K, 0% used [0x00000000d5580000,0x00000000d5580000,0x00000000d5d00000)
  from space 1024K, 98% used [0x00000000d5d00000,0x00000000d5dfd200,0x00000000d5e00000)
  to   space 2048K, 0% used [0x00000000d5f00000,0x00000000d5f00000,0x00000000d6100000)
 ParOldGen       total 1273856K, used 1273815K [0x0000000080000000, 0x00000000cdc00000, 0x00000000d5580000)
  object space 1273856K, 99% used [0x0000000080000000,0x00000000cdbf5da0,0x00000000cdc00000)
 Metaspace       used 97155K, committed 99200K, reserved 1179648K
  class space    used 10017K, committed 10944K, reserved 1048576K
}
Event: 1250.584 GC heap before
{Heap before GC invocations=2341 (full 6):
 PSYoungGen      total 8704K, used 8692K [0x00000000d5580000, 0x00000000d6100000, 0x0000000100000000)
  eden space 7680K, 100% used [0x00000000d5580000,0x00000000d5d00000,0x00000000d5d00000)
  from space 1024K, 98% used [0x00000000d5d00000,0x00000000d5dfd200,0x00000000d5e00000)
  to   space 2048K, 0% used [0x00000000d5f00000,0x00000000d5f00000,0x00000000d6100000)
 ParOldGen       total 1273856K, used 1273815K [0x0000000080000000, 0x00000000cdc00000, 0x00000000d5580000)
  object space 1273856K, 99% used [0x0000000080000000,0x00000000cdbf5da0,0x00000000cdc00000)
 Metaspace       used 97158K, committed 99200K, reserved 1179648K
  class space    used 10017K, committed 10944K, reserved 1048576K
}
Event: 1250.588 GC heap after
{Heap after GC invocations=2341 (full 6):
 PSYoungGen      total 8704K, used 816K [0x00000000d5580000, 0x00000000d6000000, 0x0000000100000000)
  eden space 7680K, 0% used [0x00000000d5580000,0x00000000d5580000,0x00000000d5d00000)
  from space 1024K, 79% used [0x00000000d5f00000,0x00000000d5fcc010,0x00000000d6000000)
  to   space 1536K, 0% used [0x00000000d5d00000,0x00000000d5d00000,0x00000000d5e80000)
 ParOldGen       total 1274880K, used 1274831K [0x0000000080000000, 0x00000000cdd00000, 0x00000000d5580000)
  object space 1274880K, 99% used [0x0000000080000000,0x00000000cdcf3f30,0x00000000cdd00000)
 Metaspace       used 97158K, committed 99200K, reserved 1179648K
  class space    used 10017K, committed 10944K, reserved 1048576K
}
Event: 1250.833 GC heap before
{Heap before GC invocations=2342 (full 6):
 PSYoungGen      total 8704K, used 8496K [0x00000000d5580000, 0x00000000d6000000, 0x0000000100000000)
  eden space 7680K, 100% used [0x00000000d5580000,0x00000000d5d00000,0x00000000d5d00000)
  from space 1024K, 79% used [0x00000000d5f00000,0x00000000d5fcc010,0x00000000d6000000)
  to   space 1536K, 0% used [0x00000000d5d00000,0x00000000d5d00000,0x00000000d5e80000)
 ParOldGen       total 1274880K, used 1274831K [0x0000000080000000, 0x00000000cdd00000, 0x00000000d5580000)
  object space 1274880K, 99% used [0x0000000080000000,0x00000000cdcf3f30,0x00000000cdd00000)
 Metaspace       used 97158K, committed 99200K, reserved 1179648K
  class space    used 10017K, committed 10944K, reserved 1048576K
}
Event: 1250.841 GC heap after
{Heap after GC invocations=2342 (full 6):
 PSYoungGen      total 9216K, used 1216K [0x00000000d5580000, 0x00000000d6000000, 0x0000000100000000)
  eden space 7680K, 0% used [0x00000000d5580000,0x00000000d5580000,0x00000000d5d00000)
  from space 1536K, 79% used [0x00000000d5d00000,0x00000000d5e30000,0x00000000d5e80000)
  to   space 1536K, 0% used [0x00000000d5e80000,0x00000000d5e80000,0x00000000d6000000)
 ParOldGen       total 1275904K, used 1275579K [0x0000000080000000, 0x00000000cde00000, 0x00000000d5580000)
  object space 1275904K, 99% used [0x0000000080000000,0x00000000cddaefa0,0x00000000cde00000)
 Metaspace       used 97158K, committed 99200K, reserved 1179648K
  class space    used 10017K, committed 10944K, reserved 1048576K
}
Event: 1250.867 GC heap before
{Heap before GC invocations=2343 (full 6):
 PSYoungGen      total 9216K, used 8896K [0x00000000d5580000, 0x00000000d6000000, 0x0000000100000000)
  eden space 7680K, 100% used [0x00000000d5580000,0x00000000d5d00000,0x00000000d5d00000)
  from space 1536K, 79% used [0x00000000d5d00000,0x00000000d5e30000,0x00000000d5e80000)
  to   space 1536K, 0% used [0x00000000d5e80000,0x00000000d5e80000,0x00000000d6000000)
 ParOldGen       total 1275904K, used 1275579K [0x0000000080000000, 0x00000000cde00000, 0x00000000d5580000)
  object space 1275904K, 99% used [0x0000000080000000,0x00000000cddaefa0,0x00000000cde00000)
 Metaspace       used 97159K, committed 99200K, reserved 1179648K
  class space    used 10017K, committed 10944K, reserved 1048576K
}
Event: 1250.874 GC heap after
{Heap after GC invocations=2343 (full 6):
 PSYoungGen      total 8704K, used 890K [0x00000000d5580000, 0x00000000d5f80000, 0x0000000100000000)
  eden space 7680K, 0% used [0x00000000d5580000,0x00000000d5580000,0x00000000d5d00000)
  from space 1024K, 86% used [0x00000000d5e80000,0x00000000d5f5e900,0x00000000d5f80000)
  to   space 1024K, 0% used [0x00000000d5d80000,0x00000000d5d80000,0x00000000d5e80000)
 ParOldGen       total 1276928K, used 1276688K [0x0000000080000000, 0x00000000cdf00000, 0x00000000d5580000)
  object space 1276928K, 99% used [0x0000000080000000,0x00000000cdec42b8,0x00000000cdf00000)
 Metaspace       used 97159K, committed 99200K, reserved 1179648K
  class space    used 10017K, committed 10944K, reserved 1048576K
}
Event: 1250.892 GC heap before
{Heap before GC invocations=2344 (full 6):
 PSYoungGen      total 8704K, used 8570K [0x00000000d5580000, 0x00000000d5f80000, 0x0000000100000000)
  eden space 7680K, 100% used [0x00000000d5580000,0x00000000d5d00000,0x00000000d5d00000)
  from space 1024K, 86% used [0x00000000d5e80000,0x00000000d5f5e900,0x00000000d5f80000)
  to   space 1024K, 0% used [0x00000000d5d80000,0x00000000d5d80000,0x00000000d5e80000)
 ParOldGen       total 1276928K, used 1276688K [0x0000000080000000, 0x00000000cdf00000, 0x00000000d5580000)
  object space 1276928K, 99% used [0x0000000080000000,0x00000000cdec42b8,0x00000000cdf00000)
 Metaspace       used 97159K, committed 99200K, reserved 1179648K
  class space    used 10017K, committed 10944K, reserved 1048576K
}
Event: 1250.896 GC heap after
{Heap after GC invocations=2344 (full 6):
 PSYoungGen      total 8704K, used 976K [0x00000000d5580000, 0x00000000d5f00000, 0x0000000100000000)
  eden space 7680K, 0% used [0x00000000d5580000,0x00000000d5580000,0x00000000d5d00000)
  from space 1024K, 95% used [0x00000000d5d80000,0x00000000d5e74030,0x00000000d5e80000)
  to   space 512K, 0% used [0x00000000d5e80000,0x00000000d5e80000,0x00000000d5f00000)
 ParOldGen       total 1277952K, used 1277509K [0x0000000080000000, 0x00000000ce000000, 0x00000000d5580000)
  object space 1277952K, 99% used [0x0000000080000000,0x00000000cdf91478,0x00000000ce000000)
 Metaspace       used 97159K, committed 99200K, reserved 1179648K
  class space    used 10017K, committed 10944K, reserved 1048576K
}

