# JRE version: OpenJDK Runtime Environment Temurin-21.0.8+9 (21.0.8+9) (build 21.0.8+9-LTS)
# Java VM: OpenJDK 64-Bit Server VM Temurin-21.0.8+9 (21.0.8+9-LTS, mixed mode, sharing, tiered, compressed oops, compressed class ptrs, parallel gc, windows-amd64)
GC Precious Log:
 CardTable entry size: 512
 CPUs: 8 total, 8 available
 Memory: 7880M
 Large Page Support: Disabled
 NUMA Support: Disabled
 Compressed Oops: Enabled (32-bit)
 Alignments: Space 512K, Generation 512K, Heap 2M
 Heap Min Capacity: 100M
 Heap Initial Capacity: 100M
 Heap Max Capacity: 2G
 Pre-touch: Disabled
 Parallel Workers: 8
Heap:
 PSYoungGen      total 15360K, used 10470K [0x00000000d5580000, 0x00000000d6600000, 0x0000000100000000)
  eden space 14336K, 67% used [0x00000000d5580000,0x00000000d5ee9768,0x00000000d6380000)
  from space 1024K, 81% used [0x00000000d6380000,0x00000000d6450310,0x00000000d6480000)
  to   space 1024K, 0% used [0x00000000d6500000,0x00000000d6500000,0x00000000d6600000)
 ParOldGen       total 833024K, used 832571K [0x0000000080000000, 0x00000000b2d80000, 0x00000000d5580000)
  object space 833024K, 99% used [0x0000000080000000,0x00000000b2d0ef80,0x00000000b2d80000)
 Metaspace       used 107325K, committed 109248K, reserved 1179648K
  class space    used 10507K, committed 11456K, reserved 1048576K
GC Heap History (20 events):
Event: 11262.248 GC heap before
{Heap before GC invocations=17259 (full 21):
 PSYoungGen      total 9216K, used 7906K [0x00000000d5580000, 0x00000000d6180000, 0x0000000100000000)
  eden space 8192K, 89% used [0x00000000d5580000,0x00000000d5ca0aa8,0x00000000d5d80000)
  from space 1024K, 59% used [0x00000000d5d80000,0x00000000d5e18000,0x00000000d5e80000)
  to   space 1024K, 0% used [0x00000000d6080000,0x00000000d6080000,0x00000000d6180000)
 ParOldGen       total 819712K, used 819651K [0x0000000080000000, 0x00000000b2080000, 0x00000000d5580000)
  object space 819712K, 99% used [0x0000000080000000,0x00000000b2070c08,0x00000000b2080000)
 Metaspace       used 107319K, committed 109248K, reserved 1179648K
  class space    used 10507K, committed 11456K, reserved 1048576K
}
Event: 11262.253 GC heap after
{Heap after GC invocations=17259 (full 21):
 PSYoungGen      total 11264K, used 788K [0x00000000d5580000, 0x00000000d6180000, 0x0000000100000000)
  eden space 10240K, 0% used [0x00000000d5580000,0x00000000d5580000,0x00000000d5f80000)
  from space 1024K, 77% used [0x00000000d6080000,0x00000000d6145200,0x00000000d6180000)
  to   space 1024K, 0% used [0x00000000d5f80000,0x00000000d5f80000,0x00000000d6080000)
 ParOldGen       total 822272K, used 821885K [0x0000000080000000, 0x00000000b2300000, 0x00000000d5580000)
  object space 822272K, 99% used [0x0000000080000000,0x00000000b229f658,0x00000000b2300000)
 Metaspace       used 107319K, committed 109248K, reserved 1179648K
  class space    used 10507K, committed 11456K, reserved 1048576K
}
Event: 11262.265 GC heap before
{Heap before GC invocations=17260 (full 21):
 PSYoungGen      total 11264K, used 11028K [0x00000000d5580000, 0x00000000d6180000, 0x0000000100000000)
  eden space 10240K, 100% used [0x00000000d5580000,0x00000000d5f80000,0x00000000d5f80000)
  from space 1024K, 77% used [0x00000000d6080000,0x00000000d6145200,0x00000000d6180000)
  to   space 1024K, 0% used [0x00000000d5f80000,0x00000000d5f80000,0x00000000d6080000)
 ParOldGen       total 822272K, used 821885K [0x0000000080000000, 0x00000000b2300000, 0x00000000d5580000)
  object space 822272K, 99% used [0x0000000080000000,0x00000000b229f658,0x00000000b2300000)
 Metaspace       used 107319K, committed 109248K, reserved 1179648K
  class space    used 10507K, committed 11456K, reserved 1048576K
}
Event: 11262.270 GC heap after
{Heap after GC invocations=17260 (full 21):
 PSYoungGen      total 11264K, used 218K [0x00000000d5580000, 0x00000000d6280000, 0x0000000100000000)
  eden space 10240K, 0% used [0x00000000d5580000,0x00000000d5580000,0x00000000d5f80000)
  from space 1024K, 21% used [0x00000000d5f80000,0x00000000d5fb6900,0x00000000d6080000)
  to   space 512K, 0% used [0x00000000d6200000,0x00000000d6200000,0x00000000d6280000)
 ParOldGen       total 822784K, used 822386K [0x0000000080000000, 0x00000000b2380000, 0x00000000d5580000)
  object space 822784K, 99% used [0x0000000080000000,0x00000000b231c868,0x00000000b2380000)
 Metaspace       used 107319K, committed 109248K, reserved 1179648K
  class space    used 10507K, committed 11456K, reserved 1048576K
}
Event: 11262.287 GC heap before
{Heap before GC invocations=17261 (full 21):
 PSYoungGen      total 11264K, used 10458K [0x00000000d5580000, 0x00000000d6280000, 0x0000000100000000)
  eden space 10240K, 100% used [0x00000000d5580000,0x00000000d5f80000,0x00000000d5f80000)
  from space 1024K, 21% used [0x00000000d5f80000,0x00000000d5fb6900,0x00000000d6080000)
  to   space 512K, 0% used [0x00000000d6200000,0x00000000d6200000,0x00000000d6280000)
 ParOldGen       total 822784K, used 822386K [0x0000000080000000, 0x00000000b2380000, 0x00000000d5580000)
  object space 822784K, 99% used [0x0000000080000000,0x00000000b231c868,0x00000000b2380000)
 Metaspace       used 107319K, committed 109248K, reserved 1179648K
  class space    used 10507K, committed 11456K, reserved 1048576K
}
Event: 11262.290 GC heap after
{Heap after GC invocations=17261 (full 21):
 PSYoungGen      total 12288K, used 487K [0x00000000d5580000, 0x00000000d6380000, 0x0000000100000000)
  eden space 11776K, 0% used [0x00000000d5580000,0x00000000d5580000,0x00000000d6100000)
  from space 512K, 95% used [0x00000000d6200000,0x00000000d6279ff0,0x00000000d6280000)
  to   space 1024K, 0% used [0x00000000d6100000,0x00000000d6100000,0x00000000d6200000)
 ParOldGen       total 822784K, used 822411K [0x0000000080000000, 0x00000000b2380000, 0x00000000d5580000)
  object space 822784K, 99% used [0x0000000080000000,0x00000000b2322c78,0x00000000b2380000)
 Metaspace       used 107319K, committed 109248K, reserved 1179648K
  class space    used 10507K, committed 11456K, reserved 1048576K
}
Event: 11262.306 GC heap before
{Heap before GC invocations=17262 (full 21):
 PSYoungGen      total 12288K, used 12104K [0x00000000d5580000, 0x00000000d6380000, 0x0000000100000000)
  eden space 11776K, 98% used [0x00000000d5580000,0x00000000d60d8098,0x00000000d6100000)
  from space 512K, 95% used [0x00000000d6200000,0x00000000d6279ff0,0x00000000d6280000)
  to   space 1024K, 0% used [0x00000000d6100000,0x00000000d6100000,0x00000000d6200000)
 ParOldGen       total 822784K, used 822411K [0x0000000080000000, 0x00000000b2380000, 0x00000000d5580000)
  object space 822784K, 99% used [0x0000000080000000,0x00000000b2322c78,0x00000000b2380000)
 Metaspace       used 107319K, committed 109248K, reserved 1179648K
  class space    used 10507K, committed 11456K, reserved 1048576K
}
Event: 11262.310 GC heap after
{Heap after GC invocations=17262 (full 21):
 PSYoungGen      total 12800K, used 565K [0x00000000d5580000, 0x00000000d6580000, 0x0000000100000000)
  eden space 11776K, 0% used [0x00000000d5580000,0x00000000d5580000,0x00000000d6100000)
  from space 1024K, 55% used [0x00000000d6100000,0x00000000d618d568,0x00000000d6200000)
  to   space 1024K, 0% used [0x00000000d6480000,0x00000000d6480000,0x00000000d6580000)
 ParOldGen       total 830976K, used 829545K [0x0000000080000000, 0x00000000b2b80000, 0x00000000d5580000)
  object space 830976K, 99% used [0x0000000080000000,0x00000000b2a1a7b8,0x00000000b2b80000)
 Metaspace       used 107319K, committed 109248K, reserved 1179648K
  class space    used 10507K, committed 11456K, reserved 1048576K
}
Event: 11262.328 GC heap before
{Heap before GC invocations=17263 (full 21):
 PSYoungGen      total 12800K, used 11339K [0x00000000d5580000, 0x00000000d6580000, 0x0000000100000000)
  eden space 11776K, 91% used [0x00000000d5580000,0x00000000d60056f0,0x00000000d6100000)
  from space 1024K, 55% used [0x00000000d6100000,0x00000000d618d568,0x00000000d6200000)
  to   space 1024K, 0% used [0x00000000d6480000,0x00000000d6480000,0x00000000d6580000)
 ParOldGen       total 830976K, used 829545K [0x0000000080000000, 0x00000000b2b80000, 0x00000000d5580000)
  object space 830976K, 99% used [0x0000000080000000,0x00000000b2a1a7b8,0x00000000b2b80000)
 Metaspace       used 107319K, committed 109248K, reserved 1179648K
  class space    used 10507K, committed 11456K, reserved 1048576K
}
Event: 11262.331 GC heap after
{Heap after GC invocations=17263 (full 21):
 PSYoungGen      total 14848K, used 329K [0x00000000d5580000, 0x00000000d6500000, 0x0000000100000000)
  eden space 14336K, 0% used [0x00000000d5580000,0x00000000d5580000,0x00000000d6380000)
  from space 512K, 64% used [0x00000000d6480000,0x00000000d64d2400,0x00000000d6500000)
  to   space 512K, 0% used [0x00000000d6400000,0x00000000d6400000,0x00000000d6480000)
 ParOldGen       total 830976K, used 829585K [0x0000000080000000, 0x00000000b2b80000, 0x00000000d5580000)
  object space 830976K, 99% used [0x0000000080000000,0x00000000b2a247b8,0x00000000b2b80000)
 Metaspace       used 107319K, committed 109248K, reserved 1179648K
  class space    used 10507K, committed 11456K, reserved 1048576K
}
Event: 11262.356 GC heap before
{Heap before GC invocations=17264 (full 21):
 PSYoungGen      total 14848K, used 14364K [0x00000000d5580000, 0x00000000d6500000, 0x0000000100000000)
  eden space 14336K, 97% used [0x00000000d5580000,0x00000000d6334fe8,0x00000000d6380000)
  from space 512K, 64% used [0x00000000d6480000,0x00000000d64d2400,0x00000000d6500000)
  to   space 512K, 0% used [0x00000000d6400000,0x00000000d6400000,0x00000000d6480000)
 ParOldGen       total 830976K, used 829585K [0x0000000080000000, 0x00000000b2b80000, 0x00000000d5580000)
  object space 830976K, 99% used [0x0000000080000000,0x00000000b2a247b8,0x00000000b2b80000)
 Metaspace       used 107319K, committed 109248K, reserved 1179648K
  class space    used 10507K, committed 11456K, reserved 1048576K
}
Event: 11262.359 GC heap after
{Heap after GC invocations=17264 (full 21):
 PSYoungGen      total 14848K, used 224K [0x00000000d5580000, 0x00000000d6500000, 0x0000000100000000)
  eden space 14336K, 0% used [0x00000000d5580000,0x00000000d5580000,0x00000000d6380000)
  from space 512K, 43% used [0x00000000d6400000,0x00000000d6438000,0x00000000d6480000)
  to   space 512K, 0% used [0x00000000d6480000,0x00000000d6480000,0x00000000d6500000)
 ParOldGen       total 833024K, used 831388K [0x0000000080000000, 0x00000000b2d80000, 0x00000000d5580000)
  object space 833024K, 99% used [0x0000000080000000,0x00000000b2be7208,0x00000000b2d80000)
 Metaspace       used 107319K, committed 109248K, reserved 1179648K
  class space    used 10507K, committed 11456K, reserved 1048576K
}
Event: 11262.381 GC heap before
{Heap before GC invocations=17265 (full 21):
 PSYoungGen      total 14848K, used 14560K [0x00000000d5580000, 0x00000000d6500000, 0x0000000100000000)
  eden space 14336K, 100% used [0x00000000d5580000,0x00000000d6380000,0x00000000d6380000)
  from space 512K, 43% used [0x00000000d6400000,0x00000000d6438000,0x00000000d6480000)
  to   space 512K, 0% used [0x00000000d6480000,0x00000000d6480000,0x00000000d6500000)
 ParOldGen       total 833024K, used 831388K [0x0000000080000000, 0x00000000b2d80000, 0x00000000d5580000)
  object space 833024K, 99% used [0x0000000080000000,0x00000000b2be7208,0x00000000b2d80000)
 Metaspace       used 107319K, committed 109248K, reserved 1179648K
  class space    used 10507K, committed 11456K, reserved 1048576K
}
Event: 11262.386 GC heap after
{Heap after GC invocations=17265 (full 21):
 PSYoungGen      total 14848K, used 500K [0x00000000d5580000, 0x00000000d6580000, 0x0000000100000000)
  eden space 14336K, 0% used [0x00000000d5580000,0x00000000d5580000,0x00000000d6380000)
  from space 512K, 97% used [0x00000000d6480000,0x00000000d64fd200,0x00000000d6500000)
  to   space 1024K, 0% used [0x00000000d6380000,0x00000000d6380000,0x00000000d6480000)
 ParOldGen       total 833024K, used 831748K [0x0000000080000000, 0x00000000b2d80000, 0x00000000d5580000)
  object space 833024K, 99% used [0x0000000080000000,0x00000000b2c41208,0x00000000b2d80000)
 Metaspace       used 107319K, committed 109248K, reserved 1179648K
  class space    used 10507K, committed 11456K, reserved 1048576K
}
Event: 11262.405 GC heap before
{Heap before GC invocations=17266 (full 21):
 PSYoungGen      total 14848K, used 14836K [0x00000000d5580000, 0x00000000d6580000, 0x0000000100000000)
  eden space 14336K, 99% used [0x00000000d5580000,0x00000000d637fff0,0x00000000d6380000)
  from space 512K, 97% used [0x00000000d6480000,0x00000000d64fd200,0x00000000d6500000)
  to   space 1024K, 0% used [0x00000000d6380000,0x00000000d6380000,0x00000000d6480000)
 ParOldGen       total 833024K, used 831748K [0x0000000080000000, 0x00000000b2d80000, 0x00000000d5580000)
  object space 833024K, 99% used [0x0000000080000000,0x00000000b2c41208,0x00000000b2d80000)
 Metaspace       used 107319K, committed 109248K, reserved 1179648K
  class space    used 10507K, committed 11456K, reserved 1048576K
}
Event: 11262.408 GC heap after
{Heap after GC invocations=17266 (full 21):
 PSYoungGen      total 15360K, used 995K [0x00000000d5580000, 0x00000000d6780000, 0x0000000100000000)
  eden space 14336K, 0% used [0x00000000d5580000,0x00000000d5580000,0x00000000d6380000)
  from space 1024K, 97% used [0x00000000d6380000,0x00000000d6478e28,0x00000000d6480000)
  to   space 2048K, 0% used [0x00000000d6580000,0x00000000d6580000,0x00000000d6780000)
 ParOldGen       total 833024K, used 832257K [0x0000000080000000, 0x00000000b2d80000, 0x00000000d5580000)
  object space 833024K, 99% used [0x0000000080000000,0x00000000b2cc0558,0x00000000b2d80000)
 Metaspace       used 107319K, committed 109248K, reserved 1179648K
  class space    used 10507K, committed 11456K, reserved 1048576K
}
Event: 11262.426 GC heap before
{Heap before GC invocations=17267 (full 21):
 PSYoungGen      total 15360K, used 15331K [0x00000000d5580000, 0x00000000d6780000, 0x0000000100000000)
  eden space 14336K, 100% used [0x00000000d5580000,0x00000000d6380000,0x00000000d6380000)
  from space 1024K, 97% used [0x00000000d6380000,0x00000000d6478e28,0x00000000d6480000)
  to   space 2048K, 0% used [0x00000000d6580000,0x00000000d6580000,0x00000000d6780000)
 ParOldGen       total 833024K, used 832257K [0x0000000080000000, 0x00000000b2d80000, 0x00000000d5580000)
  object space 833024K, 99% used [0x0000000080000000,0x00000000b2cc0558,0x00000000b2d80000)
 Metaspace       used 107320K, committed 109248K, reserved 1179648K
  class space    used 10507K, committed 11456K, reserved 1048576K
}
Event: 11262.428 GC heap after
{Heap after GC invocations=17267 (full 21):
 PSYoungGen      total 15360K, used 692K [0x00000000d5580000, 0x00000000d6680000, 0x0000000100000000)
  eden space 14336K, 0% used [0x00000000d5580000,0x00000000d5580000,0x00000000d6380000)
  from space 1024K, 67% used [0x00000000d6580000,0x00000000d662d200,0x00000000d6680000)
  to   space 1024K, 0% used [0x00000000d6380000,0x00000000d6380000,0x00000000d6480000)
 ParOldGen       total 833024K, used 832571K [0x0000000080000000, 0x00000000b2d80000, 0x00000000d5580000)
  object space 833024K, 99% used [0x0000000080000000,0x00000000b2d0ef80,0x00000000b2d80000)
 Metaspace       used 107320K, committed 109248K, reserved 1179648K
  class space    used 10507K, committed 11456K, reserved 1048576K
}
Event: 11262.445 GC heap before
{Heap before GC invocations=17268 (full 21):
 PSYoungGen      total 15360K, used 15028K [0x00000000d5580000, 0x00000000d6680000, 0x0000000100000000)
  eden space 14336K, 100% used [0x00000000d5580000,0x00000000d6380000,0x00000000d6380000)
  from space 1024K, 67% used [0x00000000d6580000,0x00000000d662d200,0x00000000d6680000)
  to   space 1024K, 0% used [0x00000000d6380000,0x00000000d6380000,0x00000000d6480000)
 ParOldGen       total 833024K, used 832571K [0x0000000080000000, 0x00000000b2d80000, 0x00000000d5580000)
  object space 833024K, 99% used [0x0000000080000000,0x00000000b2d0ef80,0x00000000b2d80000)
 Metaspace       used 107321K, committed 109248K, reserved 1179648K
  class space    used 10507K, committed 11456K, reserved 1048576K
}
Event: 11262.449 GC heap after
{Heap after GC invocations=17268 (full 21):
 PSYoungGen      total 15360K, used 832K [0x00000000d5580000, 0x00000000d6600000, 0x0000000100000000)
  eden space 14336K, 0% used [0x00000000d5580000,0x00000000d5580000,0x00000000d6380000)
  from space 1024K, 81% used [0x00000000d6380000,0x00000000d6450310,0x00000000d6480000)
  to   space 1024K, 0% used [0x00000000d6500000,0x00000000d6500000,0x00000000d6600000)
 ParOldGen       total 833024K, used 832571K [0x0000000080000000, 0x00000000b2d80000, 0x00000000d5580000)
  object space 833024K, 99% used [0x0000000080000000,0x00000000b2d0ef80,0x00000000b2d80000)
 Metaspace       used 107321K, committed 109248K, reserved 1179648K
  class space    used 10507K, committed 11456K, reserved 1048576K
}

